  Collider.cpp
  CreateWorms.cpp
c:\users\kamil\source\repos\hodowla\symulacja hodowli robaków\createworms.cpp(36): warning C4244: "argument": konwersja z "int" do "float", możliwa utrata danych
c:\users\kamil\source\repos\hodowla\symulacja hodowli robaków\createworms.cpp(40): warning C4244: "argument": konwersja z "int" do "float", możliwa utrata danych
c:\users\kamil\source\repos\hodowla\symulacja hodowli robaków\createworms.cpp(79): warning C4244: "argument": konwersja z "int" do "float", możliwa utrata danych
  Eggs.cpp
c:\users\kamil\source\repos\hodowla\symulacja hodowli robaków\eggs.cpp(28): warning C4018: "<": niezgodność typu ze znakiem/bez znaku
  Food.cpp
c:\users\kamil\source\repos\hodowla\symulacja hodowli robaków\food.cpp(10): warning C4018: "<": niezgodność typu ze znakiem/bez znaku
c:\users\kamil\source\repos\hodowla\symulacja hodowli robaków\food.cpp(59): warning C4018: "<": niezgodność typu ze znakiem/bez znaku
c:\users\kamil\source\repos\hodowla\symulacja hodowli robaków\food.cpp(61): warning C4018: "<": niezgodność typu ze znakiem/bez znaku
c:\users\kamil\source\repos\hodowla\symulacja hodowli robaków\food.cpp(72): warning C4244: "=": konwersja z "int" do "float", możliwa utrata danych
c:\users\kamil\source\repos\hodowla\symulacja hodowli robaków\food.cpp(80): warning C4018: "<": niezgodność typu ze znakiem/bez znaku
c:\users\kamil\source\repos\hodowla\symulacja hodowli robaków\food.cpp(100): warning C4244: "inicjowanie": konwersja z "float" do "int", możliwa utrata danych
c:\users\kamil\source\repos\hodowla\symulacja hodowli robaków\food.cpp(101): warning C4244: "inicjowanie": konwersja z "float" do "int", możliwa utrata danych
c:\users\kamil\source\repos\hodowla\symulacja hodowli robaków\food.cpp(102): warning C4244: "inicjowanie": konwersja z "float" do "int", możliwa utrata danych
c:\users\kamil\source\repos\hodowla\symulacja hodowli robaków\food.cpp(103): warning C4244: "inicjowanie": konwersja z "float" do "int", możliwa utrata danych
c:\users\kamil\source\repos\hodowla\symulacja hodowli robaków\food.cpp(105): warning C4018: "<": niezgodność typu ze znakiem/bez znaku
c:\users\kamil\source\repos\hodowla\symulacja hodowli robaków\food.cpp(107): warning C4018: "<": niezgodność typu ze znakiem/bez znaku
c:\users\kamil\source\repos\hodowla\symulacja hodowli robaków\food.cpp(113): warning C4244: "argument": konwersja z "float" do "int", możliwa utrata danych
  GameScreen.cpp
  main.cpp
c:\users\kamil\source\repos\hodowla\symulacja hodowli robaków\main.cpp(16): warning C4244: "argument": konwersja z "const float" do "unsigned int", możliwa utrata danych
  Map.cpp
  Options.cpp
  RunScreen.cpp
c:\users\kamil\source\repos\hodowla\symulacja hodowli robaków\runscreen.cpp(7): warning C4244: "=": konwersja z "float" do "int", możliwa utrata danych
c:\users\kamil\source\repos\hodowla\symulacja hodowli robaków\runscreen.cpp(8): warning C4244: "=": konwersja z "float" do "int", możliwa utrata danych
c:\users\kamil\source\repos\hodowla\symulacja hodowli robaków\runscreen.cpp(58): warning C4018: "<": niezgodność typu ze znakiem/bez znaku
c:\users\kamil\source\repos\hodowla\symulacja hodowli robaków\runscreen.cpp(70): warning C4018: "<": niezgodność typu ze znakiem/bez znaku
c:\users\kamil\source\repos\hodowla\symulacja hodowli robaków\runscreen.cpp(83): warning C4018: "<": niezgodność typu ze znakiem/bez znaku
c:\users\kamil\source\repos\hodowla\symulacja hodowli robaków\runscreen.cpp(85): warning C4018: "<": niezgodność typu ze znakiem/bez znaku
c:\users\kamil\source\repos\hodowla\symulacja hodowli robaków\runscreen.cpp(92): warning C4244: "argument": konwersja z "int" do "float", możliwa utrata danych
c:\users\kamil\source\repos\hodowla\symulacja hodowli robaków\runscreen.cpp(95): warning C4244: "=": konwersja z "int" do "float", możliwa utrata danych
c:\users\kamil\source\repos\hodowla\symulacja hodowli robaków\runscreen.cpp(100): warning C4018: "<": niezgodność typu ze znakiem/bez znaku
c:\users\kamil\source\repos\hodowla\symulacja hodowli robaków\runscreen.cpp(102): warning C4018: "<": niezgodność typu ze znakiem/bez znaku
c:\users\kamil\source\repos\hodowla\symulacja hodowli robaków\runscreen.cpp(109): warning C4018: "<": niezgodność typu ze znakiem/bez znaku
c:\users\kamil\source\repos\hodowla\symulacja hodowli robaków\runscreen.cpp(115): warning C4305: "-=": obcięcie z "double" do "float"
c:\users\kamil\source\repos\hodowla\symulacja hodowli robaków\runscreen.cpp(121): warning C4244: "argument": konwersja z "int" do "float", możliwa utrata danych
c:\users\kamil\source\repos\hodowla\symulacja hodowli robaków\runscreen.cpp(124): warning C4244: "=": konwersja z "int" do "float", możliwa utrata danych
c:\users\kamil\source\repos\hodowla\symulacja hodowli robaków\runscreen.cpp(132): warning C4018: "<": niezgodność typu ze znakiem/bez znaku
c:\users\kamil\source\repos\hodowla\symulacja hodowli robaków\runscreen.cpp(134): warning C4018: "<": niezgodność typu ze znakiem/bez znaku
c:\users\kamil\source\repos\hodowla\symulacja hodowli robaków\runscreen.cpp(140): warning C4018: "<": niezgodność typu ze znakiem/bez znaku
c:\users\kamil\source\repos\hodowla\symulacja hodowli robaków\runscreen.cpp(145): warning C4018: "<": niezgodność typu ze znakiem/bez znaku
  ScreenManager.cpp
  Worm.cpp
c:\users\kamil\source\repos\hodowla\symulacja hodowli robaków\worm.cpp(5): warning C4244: "=": konwersja z "int" do "float", możliwa utrata danych
c:\users\kamil\source\repos\hodowla\symulacja hodowli robaków\worm.cpp(6): warning C4244: "=": konwersja z "int" do "float", możliwa utrata danych
c:\users\kamil\source\repos\hodowla\symulacja hodowli robaków\worm.cpp(14): warning C4305: "=": obcięcie z "double" do "float"
  MenuScreen.cpp
  UpdateWorm.cpp
c:\users\kamil\source\repos\hodowla\symulacja hodowli robaków\updateworm.cpp(21): warning C4018: "<": niezgodność typu ze znakiem/bez znaku
c:\users\kamil\source\repos\hodowla\symulacja hodowli robaków\updateworm.cpp(43): warning C4018: "<": niezgodność typu ze znakiem/bez znaku
  Generowanie kodu...
  Symulacja hodowli robaków.vcxproj -> C:\Users\kamil\source\repos\Hodowla\Debug\Symulacja hodowli robaków.exe
